Arguments: 
  /Users/tom/.nvm/versions/node/v16.13.1/bin/node /Users/tom/.yarn/bin/yarn.js add express

PATH: 
  /Users/tom/.yarn/bin:/Users/tom/.config/yarn/global/node_modules/.bin:/Users/tom/bin:/Users/tom/go/bin:/Users/tom/.nvm/versions/node/v16.13.1/bin:/opt/homebrew/bin:/opt/homebrew/sbin:/Users/tom/Library/Python/3.8/bin:~/go/bin:/Users/tom/Code/emsdk:/Users/tom/Code/emsdk/upstream/emscripten:/Users/tom/Code/emsdk/node/14.15.5_64bit/bin:/usr/local/bin:/usr/bin:/bin:/usr/sbin:/sbin:/usr/local/go/bin:/Library/Apple/usr/bin:/Users/tom/.yarn/bin:/Users/tom/.config/yarn/global/node_modules/.bin:/Users/tom/bin:/Users/tom/go/bin:/Users/tom/.nvm/versions/node/v16.13.1/bin:/opt/homebrew/bin:/opt/homebrew/sbin:/Users/tom/Library/Python/3.8/bin:~/go/bin

Yarn version: 
  1.22.19

Node version: 
  16.13.1

Platform: 
  darwin arm64

Trace: 
  Error: connect ECONNREFUSED 104.16.17.35:443
      at TCPConnectWrap.afterConnect [as oncomplete] (node:net:1161:16)

npm manifest: 
  {
    "name": "server",
    "version": "1.0.0",
    "description": "server for development on localhost",
    "main": "server.js",
    "license": "MIT"
  }

yarn manifest: 
  No manifest

Lockfile: 
  No lockfile
